
/home/runner/work/exp-clarke-model-iiith/exp-clarke-model-iiith/experiment/simulation/js/main.js
   23:19  warning  'velocity1Input' is assigned a value but never used        no-unused-vars
   24:19  warning  'velocity2Input' is assigned a value but never used        no-unused-vars
   25:19  warning  'velocity3Input' is assigned a value but never used        no-unused-vars
   26:19  warning  'frequencyInput' is assigned a value but never used        no-unused-vars
   27:19  warning  'scatterersInput' is assigned a value but never used       no-unused-vars
   30:19  warning  'signalFrequencyInput' is assigned a value but never used  no-unused-vars
   49:22  warning  'switchTab' is defined but never used                      no-unused-vars
   50:13  warning  Irregular whitespace not allowed                           no-irregular-whitespace
   50:15  warning  Irregular whitespace not allowed                           no-irregular-whitespace
   51:13  warning  Irregular whitespace not allowed                           no-irregular-whitespace
   51:15  warning  Irregular whitespace not allowed                           no-irregular-whitespace
   51:17  warning  Irregular whitespace not allowed                           no-irregular-whitespace
   51:19  warning  Irregular whitespace not allowed                           no-irregular-whitespace
   52:13  warning  Irregular whitespace not allowed                           no-irregular-whitespace
   52:15  warning  Irregular whitespace not allowed                           no-irregular-whitespace
   53:13  warning  Irregular whitespace not allowed                           no-irregular-whitespace
   53:15  warning  Irregular whitespace not allowed                           no-irregular-whitespace
   54:13  warning  Irregular whitespace not allowed                           no-irregular-whitespace
   54:15  warning  Irregular whitespace not allowed                           no-irregular-whitespace
   54:17  warning  Irregular whitespace not allowed                           no-irregular-whitespace
   54:19  warning  Irregular whitespace not allowed                           no-irregular-whitespace
   55:13  warning  Irregular whitespace not allowed                           no-irregular-whitespace
   55:15  warning  Irregular whitespace not allowed                           no-irregular-whitespace
   56:13  warning  Irregular whitespace not allowed                           no-irregular-whitespace
   56:15  warning  Irregular whitespace not allowed                           no-irregular-whitespace
   57:13  warning  Irregular whitespace not allowed                           no-irregular-whitespace
   57:15  warning  Irregular whitespace not allowed                           no-irregular-whitespace
   58:13  warning  Irregular whitespace not allowed                           no-irregular-whitespace
   58:15  warning  Irregular whitespace not allowed                           no-irregular-whitespace
   59:13  warning  Irregular whitespace not allowed                           no-irregular-whitespace
   59:15  warning  Irregular whitespace not allowed                           no-irregular-whitespace
   60:13  warning  Irregular whitespace not allowed                           no-irregular-whitespace
   60:15  warning  Irregular whitespace not allowed                           no-irregular-whitespace
   61:13  warning  Irregular whitespace not allowed                           no-irregular-whitespace
   61:15  warning  Irregular whitespace not allowed                           no-irregular-whitespace
   61:17  warning  Irregular whitespace not allowed                           no-irregular-whitespace
   61:19  warning  Irregular whitespace not allowed                           no-irregular-whitespace
   62:13  warning  Irregular whitespace not allowed                           no-irregular-whitespace
   62:15  warning  Irregular whitespace not allowed                           no-irregular-whitespace
   63:13  warning  Irregular whitespace not allowed                           no-irregular-whitespace
   63:15  warning  Irregular whitespace not allowed                           no-irregular-whitespace
   63:17  warning  Irregular whitespace not allowed                           no-irregular-whitespace
   63:19  warning  Irregular whitespace not allowed                           no-irregular-whitespace
   64:13  warning  Irregular whitespace not allowed                           no-irregular-whitespace
   64:15  warning  Irregular whitespace not allowed                           no-irregular-whitespace
   69:13  warning  Irregular whitespace not allowed                           no-irregular-whitespace
   69:15  warning  Irregular whitespace not allowed                           no-irregular-whitespace
   70:13  warning  Irregular whitespace not allowed                           no-irregular-whitespace
   70:15  warning  Irregular whitespace not allowed                           no-irregular-whitespace
   70:17  warning  Irregular whitespace not allowed                           no-irregular-whitespace
   70:19  warning  Irregular whitespace not allowed                           no-irregular-whitespace
   71:13  warning  Irregular whitespace not allowed                           no-irregular-whitespace
   71:15  warning  Irregular whitespace not allowed                           no-irregular-whitespace
   71:17  warning  Irregular whitespace not allowed                           no-irregular-whitespace
   71:19  warning  Irregular whitespace not allowed                           no-irregular-whitespace
   72:13  warning  Irregular whitespace not allowed                           no-irregular-whitespace
   72:15  warning  Irregular whitespace not allowed                           no-irregular-whitespace
   72:17  warning  Irregular whitespace not allowed                           no-irregular-whitespace
   72:19  warning  Irregular whitespace not allowed                           no-irregular-whitespace
   72:21  warning  Irregular whitespace not allowed                           no-irregular-whitespace
   72:23  warning  Irregular whitespace not allowed                           no-irregular-whitespace
   73:13  warning  Irregular whitespace not allowed                           no-irregular-whitespace
   73:15  warning  Irregular whitespace not allowed                           no-irregular-whitespace
   73:17  warning  Irregular whitespace not allowed                           no-irregular-whitespace
   73:19  warning  Irregular whitespace not allowed                           no-irregular-whitespace
   74:13  warning  Irregular whitespace not allowed                           no-irregular-whitespace
   74:15  warning  Irregular whitespace not allowed                           no-irregular-whitespace
   74:17  warning  Irregular whitespace not allowed                           no-irregular-whitespace
   74:19  warning  Irregular whitespace not allowed                           no-irregular-whitespace
   74:21  warning  Irregular whitespace not allowed                           no-irregular-whitespace
   74:23  warning  Irregular whitespace not allowed                           no-irregular-whitespace
   75:13  warning  Irregular whitespace not allowed                           no-irregular-whitespace
   75:15  warning  Irregular whitespace not allowed                           no-irregular-whitespace
   75:17  warning  Irregular whitespace not allowed                           no-irregular-whitespace
   75:19  warning  Irregular whitespace not allowed                           no-irregular-whitespace
   76:13  warning  Irregular whitespace not allowed                           no-irregular-whitespace
   76:15  warning  Irregular whitespace not allowed                           no-irregular-whitespace
   77:13  warning  Irregular whitespace not allowed                           no-irregular-whitespace
   77:15  warning  Irregular whitespace not allowed                           no-irregular-whitespace
   77:17  warning  Irregular whitespace not allowed                           no-irregular-whitespace
   77:19  warning  Irregular whitespace not allowed                           no-irregular-whitespace
   78:13  warning  Irregular whitespace not allowed                           no-irregular-whitespace
   78:15  warning  Irregular whitespace not allowed                           no-irregular-whitespace
   78:17  warning  Irregular whitespace not allowed                           no-irregular-whitespace
   78:19  warning  Irregular whitespace not allowed                           no-irregular-whitespace
   79:13  warning  Irregular whitespace not allowed                           no-irregular-whitespace
   79:15  warning  Irregular whitespace not allowed                           no-irregular-whitespace
   79:17  warning  Irregular whitespace not allowed                           no-irregular-whitespace
   79:19  warning  Irregular whitespace not allowed                           no-irregular-whitespace
   80:13  warning  Irregular whitespace not allowed                           no-irregular-whitespace
   80:15  warning  Irregular whitespace not allowed                           no-irregular-whitespace
   80:17  warning  Irregular whitespace not allowed                           no-irregular-whitespace
   80:19  warning  Irregular whitespace not allowed                           no-irregular-whitespace
   81:13  warning  Irregular whitespace not allowed                           no-irregular-whitespace
   81:15  warning  Irregular whitespace not allowed                           no-irregular-whitespace
   81:17  warning  Irregular whitespace not allowed                           no-irregular-whitespace
   81:19  warning  Irregular whitespace not allowed                           no-irregular-whitespace
   81:21  warning  Irregular whitespace not allowed                           no-irregular-whitespace
   81:23  warning  Irregular whitespace not allowed                           no-irregular-whitespace
   82:13  warning  Irregular whitespace not allowed                           no-irregular-whitespace
   82:15  warning  Irregular whitespace not allowed                           no-irregular-whitespace
   82:17  warning  Irregular whitespace not allowed                           no-irregular-whitespace
   82:19  warning  Irregular whitespace not allowed                           no-irregular-whitespace
   83:13  warning  Irregular whitespace not allowed                           no-irregular-whitespace
   83:15  warning  Irregular whitespace not allowed                           no-irregular-whitespace
   83:17  warning  Irregular whitespace not allowed                           no-irregular-whitespace
   83:19  warning  Irregular whitespace not allowed                           no-irregular-whitespace
   83:21  warning  Irregular whitespace not allowed                           no-irregular-whitespace
   83:23  warning  Irregular whitespace not allowed                           no-irregular-whitespace
   84:13  warning  Irregular whitespace not allowed                           no-irregular-whitespace
   84:15  warning  Irregular whitespace not allowed                           no-irregular-whitespace
   84:17  warning  Irregular whitespace not allowed                           no-irregular-whitespace
   84:19  warning  Irregular whitespace not allowed                           no-irregular-whitespace
   85:13  warning  Irregular whitespace not allowed                           no-irregular-whitespace
   85:15  warning  Irregular whitespace not allowed                           no-irregular-whitespace
   90:13  warning  Irregular whitespace not allowed                           no-irregular-whitespace
   90:15  warning  Irregular whitespace not allowed                           no-irregular-whitespace
   91:13  warning  Irregular whitespace not allowed                           no-irregular-whitespace
   91:15  warning  Irregular whitespace not allowed                           no-irregular-whitespace
   92:13  warning  Irregular whitespace not allowed                           no-irregular-whitespace
   92:15  warning  Irregular whitespace not allowed                           no-irregular-whitespace
   93:13  warning  Irregular whitespace not allowed                           no-irregular-whitespace
   93:15  warning  Irregular whitespace not allowed                           no-irregular-whitespace
   94:13  warning  Irregular whitespace not allowed                           no-irregular-whitespace
   94:15  warning  Irregular whitespace not allowed                           no-irregular-whitespace
   95:13  warning  Irregular whitespace not allowed                           no-irregular-whitespace
   95:15  warning  Irregular whitespace not allowed                           no-irregular-whitespace
   96:13  warning  Irregular whitespace not allowed                           no-irregular-whitespace
   96:15  warning  Irregular whitespace not allowed                           no-irregular-whitespace
   97:13  warning  Irregular whitespace not allowed                           no-irregular-whitespace
   97:15  warning  Irregular whitespace not allowed                           no-irregular-whitespace
   98:13  warning  Irregular whitespace not allowed                           no-irregular-whitespace
   98:15  warning  Irregular whitespace not allowed                           no-irregular-whitespace
   99:13  warning  Irregular whitespace not allowed                           no-irregular-whitespace
   99:15  warning  Irregular whitespace not allowed                           no-irregular-whitespace
  101:13  warning  Irregular whitespace not allowed                           no-irregular-whitespace
  101:15  warning  Irregular whitespace not allowed                           no-irregular-whitespace
  102:13  warning  Irregular whitespace not allowed                           no-irregular-whitespace
  102:15  warning  Irregular whitespace not allowed                           no-irregular-whitespace
  102:17  warning  Irregular whitespace not allowed                           no-irregular-whitespace
  102:19  warning  Irregular whitespace not allowed                           no-irregular-whitespace
  103:13  warning  Irregular whitespace not allowed                           no-irregular-whitespace
  103:15  warning  Irregular whitespace not allowed                           no-irregular-whitespace
  103:17  warning  Irregular whitespace not allowed                           no-irregular-whitespace
  103:19  warning  Irregular whitespace not allowed                           no-irregular-whitespace
  104:13  warning  Irregular whitespace not allowed                           no-irregular-whitespace
  104:15  warning  Irregular whitespace not allowed                           no-irregular-whitespace
  104:17  warning  Irregular whitespace not allowed                           no-irregular-whitespace
  104:19  warning  Irregular whitespace not allowed                           no-irregular-whitespace
  104:21  warning  Irregular whitespace not allowed                           no-irregular-whitespace
  104:23  warning  Irregular whitespace not allowed                           no-irregular-whitespace
  105:13  warning  Irregular whitespace not allowed                           no-irregular-whitespace
  105:15  warning  Irregular whitespace not allowed                           no-irregular-whitespace
  105:17  warning  Irregular whitespace not allowed                           no-irregular-whitespace
  105:19  warning  Irregular whitespace not allowed                           no-irregular-whitespace
  105:21  warning  Irregular whitespace not allowed                           no-irregular-whitespace
  105:23  warning  Irregular whitespace not allowed                           no-irregular-whitespace
  106:13  warning  Irregular whitespace not allowed                           no-irregular-whitespace
  106:15  warning  Irregular whitespace not allowed                           no-irregular-whitespace
  106:17  warning  Irregular whitespace not allowed                           no-irregular-whitespace
  106:19  warning  Irregular whitespace not allowed                           no-irregular-whitespace
  106:21  warning  Irregular whitespace not allowed                           no-irregular-whitespace
  106:23  warning  Irregular whitespace not allowed                           no-irregular-whitespace
  107:13  warning  Irregular whitespace not allowed                           no-irregular-whitespace
  107:15  warning  Irregular whitespace not allowed                           no-irregular-whitespace
  107:17  warning  Irregular whitespace not allowed                           no-irregular-whitespace
  107:19  warning  Irregular whitespace not allowed                           no-irregular-whitespace
  107:21  warning  Irregular whitespace not allowed                           no-irregular-whitespace
  107:23  warning  Irregular whitespace not allowed                           no-irregular-whitespace
  109:13  warning  Irregular whitespace not allowed                           no-irregular-whitespace
  109:15  warning  Irregular whitespace not allowed                           no-irregular-whitespace
  109:17  warning  Irregular whitespace not allowed                           no-irregular-whitespace
  109:19  warning  Irregular whitespace not allowed                           no-irregular-whitespace
  109:21  warning  Irregular whitespace not allowed                           no-irregular-whitespace
  109:23  warning  Irregular whitespace not allowed                           no-irregular-whitespace
  110:13  warning  Irregular whitespace not allowed                           no-irregular-whitespace
  110:15  warning  Irregular whitespace not allowed                           no-irregular-whitespace
  110:17  warning  Irregular whitespace not allowed                           no-irregular-whitespace
  110:19  warning  Irregular whitespace not allowed                           no-irregular-whitespace
  110:21  warning  Irregular whitespace not allowed                           no-irregular-whitespace
  110:23  warning  Irregular whitespace not allowed                           no-irregular-whitespace
  111:13  warning  Irregular whitespace not allowed                           no-irregular-whitespace
  111:15  warning  Irregular whitespace not allowed                           no-irregular-whitespace
  111:17  warning  Irregular whitespace not allowed                           no-irregular-whitespace
  111:19  warning  Irregular whitespace not allowed                           no-irregular-whitespace
  112:13  warning  Irregular whitespace not allowed                           no-irregular-whitespace
  112:15  warning  Irregular whitespace not allowed                           no-irregular-whitespace
  113:13  warning  Irregular whitespace not allowed                           no-irregular-whitespace
  113:15  warning  Irregular whitespace not allowed                           no-irregular-whitespace
  114:13  warning  Irregular whitespace not allowed                           no-irregular-whitespace
  114:15  warning  Irregular whitespace not allowed                           no-irregular-whitespace
  115:13  warning  Irregular whitespace not allowed                           no-irregular-whitespace
  115:15  warning  Irregular whitespace not allowed                           no-irregular-whitespace
  116:13  warning  Irregular whitespace not allowed                           no-irregular-whitespace
  116:15  warning  Irregular whitespace not allowed                           no-irregular-whitespace
  117:13  warning  Irregular whitespace not allowed                           no-irregular-whitespace
  117:15  warning  Irregular whitespace not allowed                           no-irregular-whitespace
  118:13  warning  Irregular whitespace not allowed                           no-irregular-whitespace
  118:15  warning  Irregular whitespace not allowed                           no-irregular-whitespace
  119:13  warning  Irregular whitespace not allowed                           no-irregular-whitespace
  119:15  warning  Irregular whitespace not allowed                           no-irregular-whitespace
  124:13  warning  Irregular whitespace not allowed                           no-irregular-whitespace
  124:15  warning  Irregular whitespace not allowed                           no-irregular-whitespace
  125:13  warning  Irregular whitespace not allowed                           no-irregular-whitespace
  125:15  warning  Irregular whitespace not allowed                           no-irregular-whitespace
  127:13  warning  Irregular whitespace not allowed                           no-irregular-whitespace
  127:15  warning  Irregular whitespace not allowed                           no-irregular-whitespace
  128:13  warning  Irregular whitespace not allowed                           no-irregular-whitespace
  128:15  warning  Irregular whitespace not allowed                           no-irregular-whitespace
  130:13  warning  Irregular whitespace not allowed                           no-irregular-whitespace
  130:15  warning  Irregular whitespace not allowed                           no-irregular-whitespace
  131:13  warning  Irregular whitespace not allowed                           no-irregular-whitespace
  131:15  warning  Irregular whitespace not allowed                           no-irregular-whitespace
  132:13  warning  Irregular whitespace not allowed                           no-irregular-whitespace
  132:15  warning  Irregular whitespace not allowed                           no-irregular-whitespace
  133:13  warning  Irregular whitespace not allowed                           no-irregular-whitespace
  133:15  warning  Irregular whitespace not allowed                           no-irregular-whitespace
  133:17  warning  Irregular whitespace not allowed                           no-irregular-whitespace
  133:19  warning  Irregular whitespace not allowed                           no-irregular-whitespace
  134:13  warning  Irregular whitespace not allowed                           no-irregular-whitespace
  134:15  warning  Irregular whitespace not allowed                           no-irregular-whitespace
  134:17  warning  Irregular whitespace not allowed                           no-irregular-whitespace
  134:19  warning  Irregular whitespace not allowed                           no-irregular-whitespace
  135:13  warning  Irregular whitespace not allowed                           no-irregular-whitespace
  135:15  warning  Irregular whitespace not allowed                           no-irregular-whitespace
  135:17  warning  Irregular whitespace not allowed                           no-irregular-whitespace
  135:19  warning  Irregular whitespace not allowed                           no-irregular-whitespace
  136:13  warning  Irregular whitespace not allowed                           no-irregular-whitespace
  136:15  warning  Irregular whitespace not allowed                           no-irregular-whitespace
  136:17  warning  Irregular whitespace not allowed                           no-irregular-whitespace
  136:19  warning  Irregular whitespace not allowed                           no-irregular-whitespace
  137:13  warning  Irregular whitespace not allowed                           no-irregular-whitespace
  137:15  warning  Irregular whitespace not allowed                           no-irregular-whitespace
  137:17  warning  Irregular whitespace not allowed                           no-irregular-whitespace
  137:19  warning  Irregular whitespace not allowed                           no-irregular-whitespace
  138:13  warning  Irregular whitespace not allowed                           no-irregular-whitespace
  138:15  warning  Irregular whitespace not allowed                           no-irregular-whitespace
  138:17  warning  Irregular whitespace not allowed                           no-irregular-whitespace
  138:19  warning  Irregular whitespace not allowed                           no-irregular-whitespace
  139:13  warning  Irregular whitespace not allowed                           no-irregular-whitespace
  139:15  warning  Irregular whitespace not allowed                           no-irregular-whitespace
  139:17  warning  Irregular whitespace not allowed                           no-irregular-whitespace
  139:19  warning  Irregular whitespace not allowed                           no-irregular-whitespace
  140:13  warning  Irregular whitespace not allowed                           no-irregular-whitespace
  140:15  warning  Irregular whitespace not allowed                           no-irregular-whitespace
  140:17  warning  Irregular whitespace not allowed                           no-irregular-whitespace
  140:19  warning  Irregular whitespace not allowed                           no-irregular-whitespace
  141:13  warning  Irregular whitespace not allowed                           no-irregular-whitespace
  141:15  warning  Irregular whitespace not allowed                           no-irregular-whitespace
  141:17  warning  Irregular whitespace not allowed                           no-irregular-whitespace
  141:19  warning  Irregular whitespace not allowed                           no-irregular-whitespace
  143:13  warning  Irregular whitespace not allowed                           no-irregular-whitespace
  143:15  warning  Irregular whitespace not allowed                           no-irregular-whitespace
  143:17  warning  Irregular whitespace not allowed                           no-irregular-whitespace
  143:19  warning  Irregular whitespace not allowed                           no-irregular-whitespace
  144:13  warning  Irregular whitespace not allowed                           no-irregular-whitespace
  144:15  warning  Irregular whitespace not allowed                           no-irregular-whitespace
  144:17  warning  Irregular whitespace not allowed                           no-irregular-whitespace
  144:19  warning  Irregular whitespace not allowed                           no-irregular-whitespace
  145:13  warning  Irregular whitespace not allowed                           no-irregular-whitespace
  145:15  warning  Irregular whitespace not allowed                           no-irregular-whitespace
  146:13  warning  Irregular whitespace not allowed                           no-irregular-whitespace
  146:15  warning  Irregular whitespace not allowed                           no-irregular-whitespace
  151:13  warning  Irregular whitespace not allowed                           no-irregular-whitespace
  151:15  warning  Irregular whitespace not allowed                           no-irregular-whitespace
  152:13  warning  Irregular whitespace not allowed                           no-irregular-whitespace
  152:15  warning  Irregular whitespace not allowed                           no-irregular-whitespace
  154:13  warning  Irregular whitespace not allowed                           no-irregular-whitespace
  154:15  warning  Irregular whitespace not allowed                           no-irregular-whitespace
  155:13  warning  Irregular whitespace not allowed                           no-irregular-whitespace
  155:15  warning  Irregular whitespace not allowed                           no-irregular-whitespace
  156:13  warning  Irregular whitespace not allowed                           no-irregular-whitespace
  156:15  warning  Irregular whitespace not allowed                           no-irregular-whitespace
  157:13  warning  Irregular whitespace not allowed                           no-irregular-whitespace
  157:15  warning  Irregular whitespace not allowed                           no-irregular-whitespace
  158:13  warning  Irregular whitespace not allowed                           no-irregular-whitespace
  158:15  warning  Irregular whitespace not allowed                           no-irregular-whitespace
  160:13  warning  Irregular whitespace not allowed                           no-irregular-whitespace
  160:15  warning  Irregular whitespace not allowed                           no-irregular-whitespace
  161:13  warning  Irregular whitespace not allowed                           no-irregular-whitespace
  161:15  warning  Irregular whitespace not allowed                           no-irregular-whitespace
  162:13  warning  Irregular whitespace not allowed                           no-irregular-whitespace
  162:15  warning  Irregular whitespace not allowed                           no-irregular-whitespace
  162:17  warning  Irregular whitespace not allowed                           no-irregular-whitespace
  162:19  warning  Irregular whitespace not allowed                           no-irregular-whitespace
  163:13  warning  Irregular whitespace not allowed                           no-irregular-whitespace
  163:15  warning  Irregular whitespace not allowed                           no-irregular-whitespace
  165:13  warning  Irregular whitespace not allowed                           no-irregular-whitespace
  165:15  warning  Irregular whitespace not allowed                           no-irregular-whitespace
  166:13  warning  Irregular whitespace not allowed                           no-irregular-whitespace
  166:15  warning  Irregular whitespace not allowed                           no-irregular-whitespace
  167:13  warning  Irregular whitespace not allowed                           no-irregular-whitespace
  167:15  warning  Irregular whitespace not allowed                           no-irregular-whitespace
  168:13  warning  Irregular whitespace not allowed                           no-irregular-whitespace
  168:15  warning  Irregular whitespace not allowed                           no-irregular-whitespace
  169:13  warning  Irregular whitespace not allowed                           no-irregular-whitespace
  169:15  warning  Irregular whitespace not allowed                           no-irregular-whitespace
  169:17  warning  Irregular whitespace not allowed                           no-irregular-whitespace
  169:19  warning  Irregular whitespace not allowed                           no-irregular-whitespace
  170:13  warning  Irregular whitespace not allowed                           no-irregular-whitespace
  170:15  warning  Irregular whitespace not allowed                           no-irregular-whitespace
  170:17  warning  Irregular whitespace not allowed                           no-irregular-whitespace
  170:19  warning  Irregular whitespace not allowed                           no-irregular-whitespace
  171:13  warning  Irregular whitespace not allowed                           no-irregular-whitespace
  171:15  warning  Irregular whitespace not allowed                           no-irregular-whitespace
  176:13  warning  Irregular whitespace not allowed                           no-irregular-whitespace
  176:15  warning  Irregular whitespace not allowed                           no-irregular-whitespace
  177:13  warning  Irregular whitespace not allowed                           no-irregular-whitespace
  177:15  warning  Irregular whitespace not allowed                           no-irregular-whitespace
  178:13  warning  Irregular whitespace not allowed                           no-irregular-whitespace
  178:15  warning  Irregular whitespace not allowed                           no-irregular-whitespace
  179:13  warning  Irregular whitespace not allowed                           no-irregular-whitespace
  179:15  warning  Irregular whitespace not allowed                           no-irregular-whitespace
  180:13  warning  Irregular whitespace not allowed                           no-irregular-whitespace
  180:15  warning  Irregular whitespace not allowed                           no-irregular-whitespace
  181:13  warning  Irregular whitespace not allowed                           no-irregular-whitespace
  181:15  warning  Irregular whitespace not allowed                           no-irregular-whitespace
  181:17  warning  Irregular whitespace not allowed                           no-irregular-whitespace
  181:19  warning  Irregular whitespace not allowed                           no-irregular-whitespace
  182:13  warning  Irregular whitespace not allowed                           no-irregular-whitespace
  182:15  warning  Irregular whitespace not allowed                           no-irregular-whitespace
  182:17  warning  Irregular whitespace not allowed                           no-irregular-whitespace
  182:19  warning  Irregular whitespace not allowed                           no-irregular-whitespace
  183:13  warning  Irregular whitespace not allowed                           no-irregular-whitespace
  183:15  warning  Irregular whitespace not allowed                           no-irregular-whitespace
  183:17  warning  Irregular whitespace not allowed                           no-irregular-whitespace
  183:19  warning  Irregular whitespace not allowed                           no-irregular-whitespace
  184:13  warning  Irregular whitespace not allowed                           no-irregular-whitespace
  184:15  warning  Irregular whitespace not allowed                           no-irregular-whitespace
  184:17  warning  Irregular whitespace not allowed                           no-irregular-whitespace
  184:19  warning  Irregular whitespace not allowed                           no-irregular-whitespace
  185:13  warning  Irregular whitespace not allowed                           no-irregular-whitespace
  185:15  warning  Irregular whitespace not allowed                           no-irregular-whitespace
  185:17  warning  Irregular whitespace not allowed                           no-irregular-whitespace
  185:19  warning  Irregular whitespace not allowed                           no-irregular-whitespace
  185:21  warning  Irregular whitespace not allowed                           no-irregular-whitespace
  185:23  warning  Irregular whitespace not allowed                           no-irregular-whitespace
  186:13  warning  Irregular whitespace not allowed                           no-irregular-whitespace
  186:15  warning  Irregular whitespace not allowed                           no-irregular-whitespace
  186:17  warning  Irregular whitespace not allowed                           no-irregular-whitespace
  186:19  warning  Irregular whitespace not allowed                           no-irregular-whitespace
  186:21  warning  Irregular whitespace not allowed                           no-irregular-whitespace
  186:23  warning  Irregular whitespace not allowed                           no-irregular-whitespace
  187:13  warning  Irregular whitespace not allowed                           no-irregular-whitespace
  187:15  warning  Irregular whitespace not allowed                           no-irregular-whitespace
  187:17  warning  Irregular whitespace not allowed                           no-irregular-whitespace
  187:19  warning  Irregular whitespace not allowed                           no-irregular-whitespace
  188:13  warning  Irregular whitespace not allowed                           no-irregular-whitespace
  188:15  warning  Irregular whitespace not allowed                           no-irregular-whitespace
  188:17  warning  Irregular whitespace not allowed                           no-irregular-whitespace
  188:19  warning  Irregular whitespace not allowed                           no-irregular-whitespace
  189:13  warning  Irregular whitespace not allowed                           no-irregular-whitespace
  189:15  warning  Irregular whitespace not allowed                           no-irregular-whitespace
  189:17  warning  Irregular whitespace not allowed                           no-irregular-whitespace
  189:19  warning  Irregular whitespace not allowed                           no-irregular-whitespace
  190:13  warning  Irregular whitespace not allowed                           no-irregular-whitespace
  190:15  warning  Irregular whitespace not allowed                           no-irregular-whitespace
  191:13  warning  Irregular whitespace not allowed                           no-irregular-whitespace
  191:15  warning  Irregular whitespace not allowed                           no-irregular-whitespace
  192:13  warning  Irregular whitespace not allowed                           no-irregular-whitespace
  192:15  warning  Irregular whitespace not allowed                           no-irregular-whitespace
  193:13  warning  Irregular whitespace not allowed                           no-irregular-whitespace
  193:15  warning  Irregular whitespace not allowed                           no-irregular-whitespace
  198:13  warning  Irregular whitespace not allowed                           no-irregular-whitespace
  198:15  warning  Irregular whitespace not allowed                           no-irregular-whitespace
  199:13  warning  Irregular whitespace not allowed                           no-irregular-whitespace
  199:15  warning  Irregular whitespace not allowed                           no-irregular-whitespace
  200:13  warning  Irregular whitespace not allowed                           no-irregular-whitespace
  200:15  warning  Irregular whitespace not allowed                           no-irregular-whitespace
  201:13  warning  Irregular whitespace not allowed                           no-irregular-whitespace
  201:15  warning  Irregular whitespace not allowed                           no-irregular-whitespace
  202:13  warning  Irregular whitespace not allowed                           no-irregular-whitespace
  202:15  warning  Irregular whitespace not allowed                           no-irregular-whitespace
  203:13  warning  Irregular whitespace not allowed                           no-irregular-whitespace
  203:15  warning  Irregular whitespace not allowed                           no-irregular-whitespace
  204:13  warning  Irregular whitespace not allowed                           no-irregular-whitespace
  204:15  warning  Irregular whitespace not allowed                           no-irregular-whitespace
  205:13  warning  Irregular whitespace not allowed                           no-irregular-whitespace
  205:15  warning  Irregular whitespace not allowed                           no-irregular-whitespace
  205:17  warning  Irregular whitespace not allowed                           no-irregular-whitespace
  205:19  warning  Irregular whitespace not allowed                           no-irregular-whitespace
  206:13  warning  Irregular whitespace not allowed                           no-irregular-whitespace
  206:15  warning  Irregular whitespace not allowed                           no-irregular-whitespace
  206:17  warning  Irregular whitespace not allowed                           no-irregular-whitespace
  206:19  warning  Irregular whitespace not allowed                           no-irregular-whitespace
  207:13  warning  Irregular whitespace not allowed                           no-irregular-whitespace
  207:15  warning  Irregular whitespace not allowed                           no-irregular-whitespace
  207:17  warning  Irregular whitespace not allowed                           no-irregular-whitespace
  207:19  warning  Irregular whitespace not allowed                           no-irregular-whitespace
  208:13  warning  Irregular whitespace not allowed                           no-irregular-whitespace
  208:15  warning  Irregular whitespace not allowed                           no-irregular-whitespace
  209:13  warning  Irregular whitespace not allowed                           no-irregular-whitespace
  209:15  warning  Irregular whitespace not allowed                           no-irregular-whitespace
  210:13  warning  Irregular whitespace not allowed                           no-irregular-whitespace
  210:15  warning  Irregular whitespace not allowed                           no-irregular-whitespace
  215:13  warning  Irregular whitespace not allowed                           no-irregular-whitespace
  215:15  warning  Irregular whitespace not allowed                           no-irregular-whitespace
  216:13  warning  Irregular whitespace not allowed                           no-irregular-whitespace
  216:15  warning  Irregular whitespace not allowed                           no-irregular-whitespace
  218:13  warning  Irregular whitespace not allowed                           no-irregular-whitespace
  218:15  warning  Irregular whitespace not allowed                           no-irregular-whitespace
  219:13  warning  Irregular whitespace not allowed                           no-irregular-whitespace
  219:15  warning  Irregular whitespace not allowed                           no-irregular-whitespace
  220:13  warning  Irregular whitespace not allowed                           no-irregular-whitespace
  220:15  warning  Irregular whitespace not allowed                           no-irregular-whitespace
  221:13  warning  Irregular whitespace not allowed                           no-irregular-whitespace
  221:15  warning  Irregular whitespace not allowed                           no-irregular-whitespace
  222:13  warning  Irregular whitespace not allowed                           no-irregular-whitespace
  222:15  warning  Irregular whitespace not allowed                           no-irregular-whitespace
  222:17  warning  Irregular whitespace not allowed                           no-irregular-whitespace
  222:19  warning  Irregular whitespace not allowed                           no-irregular-whitespace
  223:13  warning  Irregular whitespace not allowed                           no-irregular-whitespace
  223:15  warning  Irregular whitespace not allowed                           no-irregular-whitespace
  223:17  warning  Irregular whitespace not allowed                           no-irregular-whitespace
  223:19  warning  Irregular whitespace not allowed                           no-irregular-whitespace
  224:13  warning  Irregular whitespace not allowed                           no-irregular-whitespace
  224:15  warning  Irregular whitespace not allowed                           no-irregular-whitespace
  224:17  warning  Irregular whitespace not allowed                           no-irregular-whitespace
  224:19  warning  Irregular whitespace not allowed                           no-irregular-whitespace
  225:13  warning  Irregular whitespace not allowed                           no-irregular-whitespace
  225:15  warning  Irregular whitespace not allowed                           no-irregular-whitespace
  225:17  warning  Irregular whitespace not allowed                           no-irregular-whitespace
  225:19  warning  Irregular whitespace not allowed                           no-irregular-whitespace
  226:13  warning  Irregular whitespace not allowed                           no-irregular-whitespace
  226:15  warning  Irregular whitespace not allowed                           no-irregular-whitespace
  226:17  warning  Irregular whitespace not allowed                           no-irregular-whitespace
  226:19  warning  Irregular whitespace not allowed                           no-irregular-whitespace
  226:21  warning  Irregular whitespace not allowed                           no-irregular-whitespace
  226:23  warning  Irregular whitespace not allowed                           no-irregular-whitespace
  227:13  warning  Irregular whitespace not allowed                           no-irregular-whitespace
  227:15  warning  Irregular whitespace not allowed                           no-irregular-whitespace
  227:17  warning  Irregular whitespace not allowed                           no-irregular-whitespace
  227:19  warning  Irregular whitespace not allowed                           no-irregular-whitespace
  228:13  warning  Irregular whitespace not allowed                           no-irregular-whitespace
  228:15  warning  Irregular whitespace not allowed                           no-irregular-whitespace
  228:17  warning  Irregular whitespace not allowed                           no-irregular-whitespace
  228:19  warning  Irregular whitespace not allowed                           no-irregular-whitespace
  229:13  warning  Irregular whitespace not allowed                           no-irregular-whitespace
  229:15  warning  Irregular whitespace not allowed                           no-irregular-whitespace
  229:17  warning  Irregular whitespace not allowed                           no-irregular-whitespace
  229:19  warning  Irregular whitespace not allowed                           no-irregular-whitespace
  230:13  warning  Irregular whitespace not allowed                           no-irregular-whitespace
  230:15  warning  Irregular whitespace not allowed                           no-irregular-whitespace
  231:13  warning  Irregular whitespace not allowed                           no-irregular-whitespace
  231:15  warning  Irregular whitespace not allowed                           no-irregular-whitespace
  232:13  warning  Irregular whitespace not allowed                           no-irregular-whitespace
  232:15  warning  Irregular whitespace not allowed                           no-irregular-whitespace
  233:13  warning  Irregular whitespace not allowed                           no-irregular-whitespace
  233:15  warning  Irregular whitespace not allowed                           no-irregular-whitespace
  234:13  warning  Irregular whitespace not allowed                           no-irregular-whitespace
  234:15  warning  Irregular whitespace not allowed                           no-irregular-whitespace
  235:13  warning  Irregular whitespace not allowed                           no-irregular-whitespace
  235:15  warning  Irregular whitespace not allowed                           no-irregular-whitespace
  236:13  warning  Irregular whitespace not allowed                           no-irregular-whitespace
  236:15  warning  Irregular whitespace not allowed                           no-irregular-whitespace
  236:17  warning  Irregular whitespace not allowed                           no-irregular-whitespace
  236:19  warning  Irregular whitespace not allowed                           no-irregular-whitespace
  237:13  warning  Irregular whitespace not allowed                           no-irregular-whitespace
  237:15  warning  Irregular whitespace not allowed                           no-irregular-whitespace
  238:13  warning  Irregular whitespace not allowed                           no-irregular-whitespace
  238:15  warning  Irregular whitespace not allowed                           no-irregular-whitespace
  238:17  warning  Irregular whitespace not allowed                           no-irregular-whitespace
  238:19  warning  Irregular whitespace not allowed                           no-irregular-whitespace
  239:13  warning  Irregular whitespace not allowed                           no-irregular-whitespace
  239:15  warning  Irregular whitespace not allowed                           no-irregular-whitespace
  511:44  warning  'Chart' is not defined                                     no-undef
  535:32  warning  'Chart' is not defined                                     no-undef
  609:43  warning  'Chart' is not defined                                     no-undef
  677:53  warning  'Chart' is not defined                                     no-undef
  727:41  warning  'Chart' is not defined                                     no-undef

✖ 470 problems (0 errors, 470 warnings)

